<?xml version="1.0" encoding="UTF-8"?>
<testng-results ignored="0" total="0" passed="0" failed="0" skipped="0">
  <reporter-output>
  </reporter-output>
  <suite started-at="2023-05-31T12:34:39 EDT" name="Surefire suite" finished-at="2023-05-31T12:34:39 EDT" duration-ms="239">
    <groups>
    </groups>
    <test started-at="2023-05-31T12:34:39 EDT" name="Surefire test" finished-at="2023-05-31T12:34:39 EDT" duration-ms="239">
    </test> <!-- Surefire test -->
  </suite> <!-- Surefire suite -->
</testng-results>
